ju., 21 de abr. de 2022 11:09:23: 
 tests:  1|8
total_score: 0/70
37572b0
ju., 21 de abr. de 2022 11:09:56: 
 treemap.c | 6 +++++-
 1 file changed, 5 insertions(+), 1 deletion(-)
 tests:  3|8
total_score: 0/70
042e619
ju., 21 de abr. de 2022 11:10:53: 
 treemap.c | 2 +-
 1 file changed, 1 insertion(+), 1 deletion(-)
 tests:  4|7
total_score: 5/70
2687168
ju., 21 de abr. de 2022 11:27:52: 
 treemap.c | 20 ++++++++++++++++++--
 1 file changed, 18 insertions(+), 2 deletions(-)
In file included from test.c:4:0:
treemap.c: In function 'searchTreeMap':
treemap.c:93:16: error: return from incompatible pointer type [-Werror=incompatible-pointer-types]
     return tree->current;
            ~~~~^~~~~~~~~
cc1.exe: all warnings being treated as errors
Compilation failed
207f9cd
ju., 21 de abr. de 2022 11:30:02: 
 treemap.c | 7 ++++---
 1 file changed, 4 insertions(+), 3 deletions(-)
 tests:  0|0
0b9d528
ju., 21 de abr. de 2022 11:30:54: 
 treemap.c | 2 +-
 1 file changed, 1 insertion(+), 1 deletion(-)
 tests:  5|7
total_score: 5/70
a5ae0e8
ju., 21 de abr. de 2022 11:31:34: 
 treemap.c | 4 ++--
 1 file changed, 2 insertions(+), 2 deletions(-)
 tests:  11|6
total_score: 15/70
9252845
ju., 21 de abr. de 2022 11:34:10: 
 treemap.c | 2 --
 1 file changed, 2 deletions(-)
 tests:  11|6
total_score: 15/70
30ab3ec
ju., 21 de abr. de 2022 11:38:57: 
 treemap.c | 9 +++++++--
 1 file changed, 7 insertions(+), 2 deletions(-)
 tests:  6|7
total_score: 5/70
b01125f
ju., 21 de abr. de 2022 11:39:24: 
 treemap.c | 4 ++--
 1 file changed, 2 insertions(+), 2 deletions(-)
 tests:  11|6
total_score: 15/70
aba68f6
ju., 21 de abr. de 2022 11:49:06: 
 treemap.c | 16 ++++++++++++++++
 1 file changed, 16 insertions(+)
In file included from test.c:4:0:
treemap.c: In function 'insertTreeMap':
treemap.c:53:30: error: 'return' with a value, in function returning void [-Werror]
     if (tree == NULL) return NULL;
                              ^~~~
treemap.c:51:6: note: declared here
 void insertTreeMap(TreeMap * tree, void* key, void * value) {
      ^~~~~~~~~~~~~
cc1.exe: all warnings being treated as errors
Compilation failed
3373c39
